[+] Loading gcc  11.3.0  ... 
[+] Loading HDF5  1.12.2 
[+] Loading netcdf  4.9.0 
[-] Unloading gcc  11.3.0  ... 
[+] Loading gcc  11.3.0  ... 
[+] Loading openmpi/4.1.3/gcc-11.3.0  ... 
[+] Loading pandoc  2.18  on cn4323 
[+] Loading pcre2  10.40 
[+] Loading R 4.3.0 
[INFO] Please allocate lscratch for batch/sinteractive R jobs
[1] "TS_Pancreas.rds"                "external"                      
[3] "MuraroPancreasData"             "human"                         
[5] "/home/liuat/data/TabulaSapiens" "/home/liuat/data/TabulaSapiens"
[1] "Output date of this document: 2023-09-05"
[1] "/gpfs/gsfs11/users/liuat/TabulaSapiens"
[1] "1,2,3,4,5"


processing file: SingleR.Rmd
1/14                  
2/14 [unnamed-chunk-1]
3/14                  
4/14 [unnamed-chunk-2]
5/14                  
6/14 [unnamed-chunk-3]
7/14                  
8/14 [unnamed-chunk-4]
9/14                  
10/14 [unnamed-chunk-5]
11/14                  
12/14 [unnamed-chunk-6]
Performing log-normalization
0%   10   20   30   40   50   60   70   80   90   100%
[----|----|----|----|----|----|----|----|----|----|
**************************************************|
13/14                  
14/14 [unnamed-chunk-7]

Quitting from lines 194-218 [unnamed-chunk-7] (SingleR.Rmd)
Error in `h()`:
! error in evaluating the argument 'x' in selecting a method for function 'as.matrix': no method for coercing this S4 class to a vector
Backtrace:
 1. Seurat::ScaleData(testFile)
 8. base::.handleSimpleError(...)
 9. base (local) h(simpleError(msg, call))
Execution halted
