[-] Unloading gcc  11.3.0  ... 
[-] Unloading HDF5  1.12.2 
[-] Unloading netcdf  4.9.0 
[-] Unloading openmpi/4.1.3/gcc-11.3.0  ... 
[-] Unloading pandoc  2.18  on cn2473 
[-] Unloading R 4.3.0 
[+] Loading gcc  11.3.0  ... 
[+] Loading HDF5  1.12.2 
[+] Loading netcdf  4.9.0 
[-] Unloading gcc  11.3.0  ... 
[+] Loading gcc  11.3.0  ... 
[+] Loading openmpi/4.1.3/gcc-11.3.0  ... 
[+] Loading pandoc  2.18  on cn2473 
[+] Loading R 4.3.0 
[INFO] Please allocate lscratch for batch/sinteractive R jobs
[1] "/home/liuat/data/TabulaSapiens/TS_Lung.rds"
[2] "internal"                                  
[3] "/home/liuat/data/TabulaSapiens/TS_Lung.rds"
[4] "human"                                     
[5] "/home/liuat/data/TabulaSapiens"            
[6] "/home/liuat/data/TabulaSapiens"            
[1] "/gpfs/gsfs11/users/liuat/TabulaSapiens"


processing file: SingleR.Rmd
1/10                  
2/10 [unnamed-chunk-1]
3/10                  
4/10 [unnamed-chunk-2]
5/10                  
6/10 [unnamed-chunk-3]
7/10                  
8/10 [unnamed-chunk-4]
9/10                  
10/10 [unnamed-chunk-5]
output file: SingleR.knit.md

/usr/local/apps/pandoc/2.18/bin/pandoc +RTS -K512m -RTS SingleR.knit.md --to html4 --from markdown+autolink_bare_uris+tex_math_single_backslash --output /gpfs/gsfs11/users/liuat/TabulaSapiens/PipelineTest.html --lua-filter /usr/local/apps/R/4.3/site-library_4.3.0/rmarkdown/rmarkdown/lua/pagebreak.lua --lua-filter /usr/local/apps/R/4.3/site-library_4.3.0/rmarkdown/rmarkdown/lua/latex-div.lua --self-contained --variable bs3=TRUE --section-divs --template /usr/local/apps/R/4.3/site-library_4.3.0/rmarkdown/rmd/h/default.html --no-highlight --variable highlightjs=1 --variable theme=bootstrap --mathjax --variable 'mathjax-url=https://mathjax.rstudio.com/latest/MathJax.js?config=TeX-AMS-MML_HTMLorMML' --include-in-header /tmp/RtmpL8V2q0/rmarkdown-str1b9da342d67722.html 

Output created: PipelineTest.html
