[+] Loading gcc  11.3.0  ... 
[+] Loading HDF5  1.12.2 
[+] Loading netcdf  4.9.0 
[-] Unloading gcc  11.3.0  ... 
[+] Loading gcc  11.3.0  ... 
[+] Loading openmpi/4.1.3/gcc-11.3.0  ... 
[+] Loading pandoc  2.18  on cn4276 
[+] Loading pcre2  10.40 
[+] Loading R 4.3.0 
[INFO] Please allocate lscratch for batch/sinteractive R jobs
[1] "/home/liuat/data/TabulaSapiens/TS_Lung.rds"
[2] "external"                                  
[3] "/home/liuat/data/TabulaSapiens/TS_Lung.rds"
[4] "human"                                     
[5] "/home/liuat/data/TabulaSapiens"            
[6] "/home/liuat/data/TabulaSapiens"            
[1] "Output date of this document: 2023-09-02"
[1] "/gpfs/gsfs11/users/liuat/TabulaSapiens"


processing file: SingleR.Rmd
1/12                  
2/12 [unnamed-chunk-1]
3/12                  
4/12 [unnamed-chunk-2]
5/12                  
6/12 [unnamed-chunk-3]

Quitting from lines 48-88 [unnamed-chunk-3] (SingleR.Rmd)
Error in `.listDatasets()`:
! No Mart object given or object not of class 'Mart'
Backtrace:
 1. biomaRt::listDatasets()
 2. biomaRt:::.listDatasets(mart = mart, verbose = verbose, sort = TRUE)
Execution halted
