[-] Unloading gcc  11.3.0  ... 
[-] Unloading HDF5  1.12.2 
[-] Unloading netcdf  4.9.0 
[-] Unloading openmpi/4.1.3/gcc-11.3.0  ... 
[-] Unloading pandoc  2.18  on cn2493 
[-] Unloading R 4.3.0 
[+] Loading gcc  11.3.0  ... 
[+] Loading HDF5  1.12.2 
[+] Loading netcdf  4.9.0 
[-] Unloading gcc  11.3.0  ... 
[+] Loading gcc  11.3.0  ... 
[+] Loading openmpi/4.1.3/gcc-11.3.0  ... 
[+] Loading pandoc  2.18  on cn2493 
[+] Loading R 4.3.0 
[INFO] Please allocate lscratch for batch/sinteractive R jobs
[1] "/home/liuat/data/TabulaSapiens/TS_Lung.rds"
[2] "internal"                                  
[3] "/home/liuat/data/TabulaSapiens/TS_Lung.rds"
[4] "human"                                     
[5] "/home/liuat/data/TabulaSapiens"            
[6] "/home/liuat/data/TabulaSapiens"            
Error in readRDS(file = refFile) : error reading from connection
Execution halted
