[+] Loading gcc  11.3.0  ... 
[+] Loading HDF5  1.12.2 
[+] Loading netcdf  4.9.0 
[-] Unloading gcc  11.3.0  ... 
[+] Loading gcc  11.3.0  ... 
[+] Loading openmpi/4.1.3/gcc-11.3.0  ... 
[+] Loading pandoc  2.18  on cn4276 
[+] Loading pcre2  10.40 
[+] Loading R 4.3.0 
[INFO] Please allocate lscratch for batch/sinteractive R jobs
[1] "TS_Pancreas.rds"                "external"                      
[3] "MuraroPancreasData"             "human"                         
[5] "/home/liuat/data/TabulaSapiens" "/home/liuat/data/TabulaSapiens"
[1] "Output date of this document: 2023-09-02"
[1] "/gpfs/gsfs11/users/liuat/TabulaSapiens"


processing file: SingleR.Rmd
1/14                  
2/14 [unnamed-chunk-1]
3/14                  
4/14 [unnamed-chunk-2]
5/14                  
6/14 [unnamed-chunk-3]
7/14                  
8/14 [unnamed-chunk-4]

Quitting from lines 56-105 [unnamed-chunk-4] (SingleR.Rmd)
Error in `gzfile()`:
! cannot open the connection
Backtrace:
 1. base::readRDS(refFileName)
 2. base::gzfile(file, "rb")
Execution halted
