[+] Loading gcc  11.3.0  ... 
[+] Loading HDF5  1.12.2 
[+] Loading netcdf  4.9.0 
[-] Unloading gcc  11.3.0  ... 
[+] Loading gcc  11.3.0  ... 
[+] Loading openmpi/4.1.3/gcc-11.3.0  ... 
[+] Loading pandoc  2.18  on cn4276 
[+] Loading pcre2  10.40 
[+] Loading R 4.3.0 
[INFO] Please allocate lscratch for batch/sinteractive R jobs
[1] "/home/liuat/data/TabulaSapiens/TS_Lung.rds"
[2] "external"                                  
[3] "/home/liuat/data/TabulaSapiens/TS_Lung.rds"
[4] "human"                                     
[5] "/home/liuat/data/TabulaSapiens"            
[6] "/home/liuat/data/TabulaSapiens"            
[1] "Output date of this document: 2023-09-02"
[1] "/gpfs/gsfs11/users/liuat/TabulaSapiens"


processing file: SingleR.Rmd
1/14                  
2/14 [unnamed-chunk-1]
3/14                  
4/14 [unnamed-chunk-2]
5/14                  
6/14 [unnamed-chunk-3]
7/14                  
8/14 [unnamed-chunk-4]

Quitting from lines 55-104 [unnamed-chunk-4] (SingleR.Rmd)
Error in `.local()`:
! size factors should be positive
Backtrace:
  1. scuttle::logNormCounts(testFile)
  2. scuttle::logNormCounts(testFile)
  3. scuttle (local) .local(x, ...)
  4. scuttle (local) FUN(x, size.factors = size.factors, center.size.factors = FALSE)
  7. scuttle (local) `<stndrdGn>`(...)
  8. scuttle (local) .local(x, ...)
 12. scuttle (local) .nextMethod(x = x, size.factors = size.factors, ...)
 13. scuttle (local) .local(x, ...)
 15. scuttle::normalizeCounts(assay(x, assay.type), ...)
 16. scuttle (local) .local(x, ...)
Execution halted
