[+] Loading gcc  11.3.0  ... 
[+] Loading HDF5  1.12.2 
[+] Loading netcdf  4.9.0 
[-] Unloading gcc  11.3.0  ... 
[+] Loading gcc  11.3.0  ... 
[+] Loading openmpi/4.1.3/gcc-11.3.0  ... 
[+] Loading pandoc  2.18  on cn4272 
[+] Loading pcre2  10.40 
[+] Loading R 4.3.0 
[INFO] Please allocate lscratch for batch/sinteractive R jobs
[1] "TS_Pancreas.rds"                "external"                      
[3] "MuraroPancreasData"             "human"                         
[5] "/home/liuat/data/TabulaSapiens" "/home/liuat/data/TabulaSapiens"
[7] "scatterTabPred.png"             "scatterLab.png"                
[9] "scatter_Sap_Mur_Panc.png"      
[1] "Output date of this document: 2023-09-05"
[1] "/gpfs/gsfs11/users/liuat/TabulaSapiens"
[1] "1,2,3,4,5"
Error in knit_params_get(input_lines, params) : 
  render params not declared in YAML: outputComb
Calls: <Anonymous> -> knit_params_get
Execution halted
